!SESSION 2017-06-18 14:31:11.230 -----------------------------------------------
eclipse.buildId=unknown
java.version=1.8.0_60
java.vendor=Oracle Corporation
BootLoader constants: OS=win32, ARCH=x86_64, WS=win32, NL=zh_CN

!ENTRY org.eclipse.osgi 4 0 2017-06-18 14:31:11.246
!MESSAGE error loading hook: com.alipay.cloudengine.extensions.hook.ExtensionsHookConfigurator
!STACK 0
java.lang.ClassNotFoundException: com.alipay.cloudengine.extensions.hook.ExtensionsHookConfigurator
	at java.net.URLClassLoader.findClass(URLClassLoader.java:381)
	at java.lang.ClassLoader.loadClass(ClassLoader.java:424)
	at sun.misc.Launcher$AppClassLoader.loadClass(Launcher.java:331)
	at java.lang.ClassLoader.loadClass(ClassLoader.java:357)
	at java.lang.Class.forName0(Native Method)
	at java.lang.Class.forName(Class.java:264)
	at org.eclipse.osgi.baseadaptor.HookRegistry.loadConfigurators(HookRegistry.java:176)
	at org.eclipse.osgi.baseadaptor.HookRegistry.initialize(HookRegistry.java:100)
	at org.eclipse.osgi.baseadaptor.BaseAdaptor.<init>(BaseAdaptor.java:98)
	at org.eclipse.osgi.framework.internal.core.EquinoxLauncher.internalInit(EquinoxLauncher.java:67)
	at org.eclipse.osgi.framework.internal.core.EquinoxLauncher.internalStart(EquinoxLauncher.java:264)
	at org.eclipse.osgi.framework.internal.core.EquinoxLauncher.start(EquinoxLauncher.java:241)
	at org.eclipse.osgi.launch.Equinox.start(Equinox.java:258)
	at eclipse_osgi.eclipse_osgi.StartOsgi.main(StartOsgi.java:32)
